<?xml version="1.0" encoding="UTF-8"?>
<testng-results ignored="0" total="3" passed="3" failed="0" skipped="0">
  <reporter-output>
  </reporter-output>
  <suite started-at="2025-08-12T15:16:31 IST" name="Default suite" finished-at="2025-08-12T15:16:32 IST" duration-ms="1518">
    <groups>
    </groups>
    <test started-at="2025-08-12T15:16:31 IST" name="Default test" finished-at="2025-08-12T15:16:32 IST" duration-ms="1518">
      <class name="Data_Driven_Framework_3_Structural_Patterns.LoginTest">
        <test-method signature="testLogin(java.lang.String,java.lang.String)[pri:0, instance:Data_Driven_Framework_3_Structural_Patterns.LoginTest@4e08711f]" started-at="2025-08-12T15:16:32 IST" name="testLogin" data-provider="loginData" finished-at="2025-08-12T15:16:32 IST" duration-ms="26" status="PASS">
          <params>
            <param index="0">
              <value>
                <![CDATA[user1@mail.com]]>
              </value>
            </param>
            <param index="1">
              <value>
                <![CDATA[pass123]]>
              </value>
            </param>
          </params>
          <reporter-output>
          </reporter-output>
        </test-method> <!-- testLogin -->
        <test-method signature="testLogin(java.lang.String,java.lang.String)[pri:0, instance:Data_Driven_Framework_3_Structural_Patterns.LoginTest@4e08711f]" started-at="2025-08-12T15:16:32 IST" name="testLogin" data-provider="loginData" finished-at="2025-08-12T15:16:32 IST" duration-ms="3" status="PASS">
          <params>
            <param index="0">
              <value>
                <![CDATA[user2@mail.com]]>
              </value>
            </param>
            <param index="1">
              <value>
                <![CDATA[pass456]]>
              </value>
            </param>
          </params>
          <reporter-output>
          </reporter-output>
        </test-method> <!-- testLogin -->
        <test-method signature="testLogin(java.lang.String,java.lang.String)[pri:0, instance:Data_Driven_Framework_3_Structural_Patterns.LoginTest@4e08711f]" started-at="2025-08-12T15:16:32 IST" name="testLogin" data-provider="loginData" finished-at="2025-08-12T15:16:32 IST" duration-ms="2" status="PASS">
          <params>
            <param index="0">
              <value>
                <![CDATA[admin@mail.com]]>
              </value>
            </param>
            <param index="1">
              <value>
                <![CDATA[admin789]]>
              </value>
            </param>
          </params>
          <reporter-output>
          </reporter-output>
        </test-method> <!-- testLogin -->
      </class> <!-- Data_Driven_Framework_3_Structural_Patterns.LoginTest -->
    </test> <!-- Default test -->
  </suite> <!-- Default suite -->
</testng-results>
